<?xml version="1.0" encoding="UTF-8"?>
<!-- Generated by org.testng.reporters.JUnitReportReporter -->
<testsuite hostname="sandeep" name="TestMultiplication" tests="1" failures="0" timestamp="2 Jul 2019 04:44:53 GMT" time="0.010" errors="0">
  <testcase name="testAdd" time="0.010" classname="TestMultiplication"/>
</testsuite> <!-- TestMultiplication -->
